Using pre-set license
Built from '2020.3/staging' branch; Version is '2020.3.11f1 (99c7afb366b3) revision 10078127'; Using compiler version '192528614'; Build Type 'Release'
OS: 'Windows 10 Home Single Language; OS build 19041.1052; Version 2004; 64bit' Language: 'ru' Physical Memory: 16298 MB
BatchMode: 1, IsHumanControllingUs: 0, StartBugReporterOnCrash: 0, Is64bit: 1, IsPro: 0

 COMMAND LINE ARGUMENTS:
C:\Program Files\Unity\Hub\Editor\2020.3.11f1\Editor\Unity.exe
-adb2
-batchMode
-noUpm
-name
AssetImportWorker1
-projectPath
E:/Archeton/Archeton
-logFile
Logs/AssetImportWorker1.log
-srvPort
56670
Successfully changed project path to: E:/Archeton/Archeton
E:/Archeton/Archeton
Using Asset Import Pipeline V2.
Refreshing native plugins compatible for Editor in 99.75 ms, found 3 plugins.
Preloading 0 native plugins for Editor in 0.00 ms.
Initialize engine version: 2020.3.11f1 (99c7afb366b3)
[Subsystems] Discovering subsystems at path C:/Program Files/Unity/Hub/Editor/2020.3.11f1/Editor/Data/Resources/UnitySubsystems
[Subsystems] Discovering subsystems at path E:/Archeton/Archeton/Assets
GfxDevice: creating device client; threaded=0
Direct3D:
    Version:  Direct3D 11.0 [level 11.0]
    Renderer: NVIDIA GeForce 940M (ID=0x1347)
    Vendor:   
    VRAM:     2013 MB
    Driver:   21.21.13.7654
Initialize mono
Mono path[0] = 'C:/Program Files/Unity/Hub/Editor/2020.3.11f1/Editor/Data/Managed'
Mono path[1] = 'C:/Program Files/Unity/Hub/Editor/2020.3.11f1/Editor/Data/MonoBleedingEdge/lib/mono/unityjit'
Mono config path = 'C:/Program Files/Unity/Hub/Editor/2020.3.11f1/Editor/Data/MonoBleedingEdge/etc'
Using monoOptions --debugger-agent=transport=dt_socket,embedding=1,server=y,suspend=n,address=127.0.0.1:56800
Begin MonoManager ReloadAssembly
Registering precompiled unity dll's ...
Register platform support module: C:/Program Files/Unity/Hub/Editor/2020.3.11f1/Editor/Data/PlaybackEngines/WindowsStandaloneSupport/UnityEditor.WindowsStandalone.Extensions.dll
Registered in 0.003371 seconds.
Native extension for WindowsStandalone target not found
Refreshing native plugins compatible for Editor in 114.90 ms, found 3 plugins.
Preloading 0 native plugins for Editor in 0.00 ms.
Mono: successfully reloaded assembly
- Completed reload, in  3.813 seconds
Platform modules already initialized, skipping
Registering precompiled user dll's ...
Registered in 0.004454 seconds.
Begin MonoManager ReloadAssembly
Native extension for WindowsStandalone target not found
Refreshing native plugins compatible for Editor in 93.88 ms, found 3 plugins.
Preloading 0 native plugins for Editor in 0.00 ms.
Mono: successfully reloaded assembly
- Completed reload, in  7.167 seconds
Platform modules already initialized, skipping
========================================================================
Worker process is ready to serve import requests
Launched and connected shader compiler UnityShaderCompiler.exe after 0.15 seconds
Refreshing native plugins compatible for Editor in 0.70 ms, found 3 plugins.
Preloading 0 native plugins for Editor in 0.00 ms.
Unloading 2084 Unused Serialized files (Serialized files now loaded: 0)
System memory in use before: 93.0 MB.
System memory in use after: 93.1 MB.

Unloading 28 unused Assets to reduce memory usage. Loaded Objects now: 2523.
Total: 3.446200 ms (FindLiveObjects: 0.530100 ms CreateObjectMapping: 0.185900 ms MarkObjects: 2.635600 ms  DeleteObjects: 0.092800 ms)

========================================================================
Received Import Request.
  path: Assets/Scenes/Material/body/BodyNew.png
  artifactKey: Guid(38bcce13b5ae322499403a942ac8ca7e) Importer(815301076,1909f56bfc062723c751e8b465ee728b)
Start importing Assets/Scenes/Material/body/BodyNew.png using Guid(38bcce13b5ae322499403a942ac8ca7e) Importer(815301076,1909f56bfc062723c751e8b465ee728b)  -> (artifact id: 'd757af4e44f276d68e08d52a6ca0db05') in 0.181342 seconds
  Import took 0.186798 seconds .

========================================================================
Received Import Request.
  Time since last request: 288.304783 seconds.
  path: Assets/Scenes/Material/menu/collection.png
  artifactKey: Guid(2b0eba32e7a25bb42959e5ce424a9a09) Importer(815301076,1909f56bfc062723c751e8b465ee728b)
Start importing Assets/Scenes/Material/menu/collection.png using Guid(2b0eba32e7a25bb42959e5ce424a9a09) Importer(815301076,1909f56bfc062723c751e8b465ee728b)  -> (artifact id: '5a62fafc6374d3079f0482ec02d047cf') in 0.058689 seconds
  Import took 0.073388 seconds .

========================================================================
Received Import Request.
  Time since last request: 535.761850 seconds.
  path: Assets/Scenes/menu 1.unity
  artifactKey: Guid(09f96110f6376a4498d4e123770f03e3) Importer(815301076,1909f56bfc062723c751e8b465ee728b)
Start importing Assets/Scenes/menu 1.unity using Guid(09f96110f6376a4498d4e123770f03e3) Importer(815301076,1909f56bfc062723c751e8b465ee728b)  -> (artifact id: '67715868996628d86f6c9292957e7beb') in 0.023668 seconds
  Import took 0.034493 seconds .

========================================================================
Received Import Request.
  Time since last request: 12.406316 seconds.
  path: Assets/Scenes/collection.unity
  artifactKey: Guid(09f96110f6376a4498d4e123770f03e3) Importer(815301076,1909f56bfc062723c751e8b465ee728b)
Start importing Assets/Scenes/collection.unity using Guid(09f96110f6376a4498d4e123770f03e3) Importer(815301076,1909f56bfc062723c751e8b465ee728b)  -> (artifact id: 'dbc0e2912ee9f72b26d7ef0b397e1f28') in 0.019679 seconds
  Import took 0.032435 seconds .

========================================================================
Received Import Request.
  Time since last request: 2.600092 seconds.
  path: Assets/Scenes/LevelHeadnew.unity
  artifactKey: Guid(4fbf2d10e8924e242aa7b038c28294e0) Importer(815301076,1909f56bfc062723c751e8b465ee728b)
Start importing Assets/Scenes/LevelHeadnew.unity using Guid(4fbf2d10e8924e242aa7b038c28294e0) Importer(815301076,1909f56bfc062723c751e8b465ee728b)  -> (artifact id: '655a5494594249569583119b56ce6093') in 0.024147 seconds
  Import took 0.043437 seconds .

========================================================================
Received Import Request.
  Time since last request: 13.772509 seconds.
  path: Assets/Scenes/menu.unity
  artifactKey: Guid(0efc20f164375354da254482d999d53e) Importer(815301076,1909f56bfc062723c751e8b465ee728b)
Start importing Assets/Scenes/menu.unity using Guid(0efc20f164375354da254482d999d53e) Importer(815301076,1909f56bfc062723c751e8b465ee728b)  -> (artifact id: '89504bd1be95c17f1a50b8cbf88e8911') in 0.039119 seconds
  Import took 0.056893 seconds .

========================================================================
Received Import Request.
  Time since last request: 171.916148 seconds.
  path: Assets/Scenes/Material/Collection
  artifactKey: Guid(fea0826288b313e4ea81db0cdfe67d81) Importer(815301076,1909f56bfc062723c751e8b465ee728b)
Start importing Assets/Scenes/Material/Collection using Guid(fea0826288b313e4ea81db0cdfe67d81) Importer(815301076,1909f56bfc062723c751e8b465ee728b)  -> (artifact id: '203c9d1b79c639aa0fc5db415245a205') in 0.028034 seconds
  Import took 0.037007 seconds .

========================================================================
Received Import Request.
  Time since last request: 0.000521 seconds.
  path: Assets/Scenes/Material/Collection
  artifactKey: Guid(fea0826288b313e4ea81db0cdfe67d81) Importer(815301076,1909f56bfc062723c751e8b465ee728b)
Start importing Assets/Scenes/Material/Collection using Guid(fea0826288b313e4ea81db0cdfe67d81) Importer(815301076,1909f56bfc062723c751e8b465ee728b)  -> (artifact id: '203c9d1b79c639aa0fc5db415245a205') in 0.008905 seconds
  Import took 0.024401 seconds .

========================================================================
Received Import Request.
  Time since last request: 10.330287 seconds.
  path: Assets/Scenes/Material/Collection/collection.png
  artifactKey: Guid(9b7d172a066a7f348bbb8b8f552084f1) Importer(815301076,1909f56bfc062723c751e8b465ee728b)
Start importing Assets/Scenes/Material/Collection/collection.png using Guid(9b7d172a066a7f348bbb8b8f552084f1) Importer(815301076,1909f56bfc062723c751e8b465ee728b)  -> (artifact id: '7002d21283ff491745ff3b5828dd1888') in 0.068672 seconds
  Import took 0.084770 seconds .

========================================================================
Received Import Request.
  Time since last request: 0.013709 seconds.
  path: Assets/Scenes/Material/Collection/collection.png
  artifactKey: Guid(9b7d172a066a7f348bbb8b8f552084f1) Importer(815301076,1909f56bfc062723c751e8b465ee728b)
Start importing Assets/Scenes/Material/Collection/collection.png using Guid(9b7d172a066a7f348bbb8b8f552084f1) Importer(815301076,1909f56bfc062723c751e8b465ee728b)  -> (artifact id: '7002d21283ff491745ff3b5828dd1888') in 0.063445 seconds
  Import took 0.070946 seconds .

========================================================================
Received Import Request.
  Time since last request: 296.208156 seconds.
  path: Assets/Scenes/collection.unity
  artifactKey: Guid(09f96110f6376a4498d4e123770f03e3) Importer(815301076,1909f56bfc062723c751e8b465ee728b)
Start importing Assets/Scenes/collection.unity using Guid(09f96110f6376a4498d4e123770f03e3) Importer(815301076,1909f56bfc062723c751e8b465ee728b)  -> (artifact id: '20a1d231159e180b066c3596d087b61e') in 0.005054 seconds
  Import took 0.015826 seconds .

========================================================================
Received Prepare
Registering precompiled user dll's ...
Registered in 0.007845 seconds.
Begin MonoManager ReloadAssembly
Native extension for WindowsStandalone target not found
Refreshing native plugins compatible for Editor in 0.63 ms, found 3 plugins.
Preloading 0 native plugins for Editor in 0.00 ms.
Mono: successfully reloaded assembly
- Completed reload, in  2.342 seconds
Platform modules already initialized, skipping
Switching build target platform(19) subTarget(0) extendedPlatform(0) -> platform(13) subTarget(537395200) extendedPlatform(0)
Refreshing native plugins compatible for Editor in 0.78 ms, found 3 plugins.
Preloading 0 native plugins for Editor in 0.00 ms.
Unloading 2077 Unused Serialized files (Serialized files now loaded: 0)
System memory in use before: 95.4 MB.
System memory in use after: 95.5 MB.

Unloading 17 unused Assets to reduce memory usage. Loaded Objects now: 2536.
Total: 4.293300 ms (FindLiveObjects: 0.213800 ms CreateObjectMapping: 0.091400 ms MarkObjects: 3.417000 ms  DeleteObjects: 0.567400 ms)

AssetImportParameters requested are different than current active one (requested -> active):
  custom:graphics/normal-map-encoding: 01000000000000000000000000000000 -> 02000000000000000000000000000000
========================================================================
Received Prepare
Registering precompiled user dll's ...
Registered in 0.009200 seconds.
Begin MonoManager ReloadAssembly
Native extension for WindowsStandalone target not found
Refreshing native plugins compatible for Editor in 1.84 ms, found 3 plugins.
Preloading 0 native plugins for Editor in 0.00 ms.
Mono: successfully reloaded assembly
- Completed reload, in  2.842 seconds
Platform modules already initialized, skipping
Switching build target platform(19) subTarget(0) extendedPlatform(0) -> platform(13) subTarget(537395200) extendedPlatform(0)
Refreshing native plugins compatible for Editor in 0.61 ms, found 3 plugins.
Preloading 0 native plugins for Editor in 0.00 ms.
Unloading 2077 Unused Serialized files (Serialized files now loaded: 0)
System memory in use before: 95.5 MB.
System memory in use after: 95.6 MB.

Unloading 17 unused Assets to reduce memory usage. Loaded Objects now: 2539.
Total: 3.515800 ms (FindLiveObjects: 0.376700 ms CreateObjectMapping: 0.198600 ms MarkObjects: 2.905800 ms  DeleteObjects: 0.032800 ms)

AssetImportParameters requested are different than current active one (requested -> active):
  custom:graphics/normal-map-encoding: 01000000000000000000000000000000 -> 02000000000000000000000000000000
========================================================================
Received Prepare
Refreshing native plugins compatible for Editor in 5.12 ms, found 3 plugins.
Preloading 0 native plugins for Editor in 0.00 ms.
Unloading 14 Unused Serialized files (Serialized files now loaded: 0)
System memory in use before: 54.8 MB.
System memory in use after: 54.9 MB.

Unloading 14 unused Assets to reduce memory usage. Loaded Objects now: 2539.
Total: 4.049400 ms (FindLiveObjects: 0.294000 ms CreateObjectMapping: 0.342400 ms MarkObjects: 3.386800 ms  DeleteObjects: 0.024700 ms)

========================================================================
Received Import Request.
  Time since last request: 971.153775 seconds.
  path: Assets/Scenes/Material/Rules/Rules.png
  artifactKey: Guid(ad2fd185399815445a83e6f2160b8e33) Importer(815301076,1909f56bfc062723c751e8b465ee728b)
Start importing Assets/Scenes/Material/Rules/Rules.png using Guid(ad2fd185399815445a83e6f2160b8e33) Importer(815301076,1909f56bfc062723c751e8b465ee728b)  -> (artifact id: '07493dba3f280707e8ae1cfeb7419420') in 0.214557 seconds
  Import took 0.228057 seconds .

========================================================================
Received Import Request.
  Time since last request: 28.362387 seconds.
  path: Assets/Scenes/Rules 2.unity
  artifactKey: Guid(279697e32b318954bbdaf2c6fbece328) Importer(815301076,1909f56bfc062723c751e8b465ee728b)
Start importing Assets/Scenes/Rules 2.unity using Guid(279697e32b318954bbdaf2c6fbece328) Importer(815301076,1909f56bfc062723c751e8b465ee728b)  -> (artifact id: '0d928641e03ca3fcf90d44a7e6bc5d8f') in 0.031195 seconds
  Import took 0.056353 seconds .

========================================================================
Received Import Request.
  Time since last request: 273.197104 seconds.
  path: Assets/Scenes/menu.unity
  artifactKey: Guid(0efc20f164375354da254482d999d53e) Importer(815301076,1909f56bfc062723c751e8b465ee728b)
Start importing Assets/Scenes/menu.unity using Guid(0efc20f164375354da254482d999d53e) Importer(815301076,1909f56bfc062723c751e8b465ee728b)  -> (artifact id: '02231892c7bc889a9662cec98f0ea577') in 0.027434 seconds
  Import took 0.038683 seconds .

========================================================================
Received Import Request.
  Time since last request: 211.440139 seconds.
  path: Assets/Scenes/Rules 2.unity
  artifactKey: Guid(279697e32b318954bbdaf2c6fbece328) Importer(815301076,1909f56bfc062723c751e8b465ee728b)
Start importing Assets/Scenes/Rules 2.unity using Guid(279697e32b318954bbdaf2c6fbece328) Importer(815301076,1909f56bfc062723c751e8b465ee728b)  -> (artifact id: '3381b440f85012dc838c0474a5818709') in 0.035918 seconds
  Import took 0.071703 seconds .

========================================================================
Received Import Request.
  Time since last request: 8.896995 seconds.
  path: Assets/Scenes/menu.unity
  artifactKey: Guid(0efc20f164375354da254482d999d53e) Importer(815301076,1909f56bfc062723c751e8b465ee728b)
Start importing Assets/Scenes/menu.unity using Guid(0efc20f164375354da254482d999d53e) Importer(815301076,1909f56bfc062723c751e8b465ee728b)  -> (artifact id: '49a54e841247ee8e80c0e42012ab9097') in 0.023750 seconds
  Import took 0.039135 seconds .

========================================================================
Received Prepare
Refreshing native plugins compatible for Editor in 7.64 ms, found 3 plugins.
Preloading 0 native plugins for Editor in 0.00 ms.
Unloading 14 Unused Serialized files (Serialized files now loaded: 0)
System memory in use before: 54.9 MB.
System memory in use after: 55.0 MB.

Unloading 14 unused Assets to reduce memory usage. Loaded Objects now: 2542.
Total: 8.531300 ms (FindLiveObjects: 0.407100 ms CreateObjectMapping: 0.127300 ms MarkObjects: 7.924500 ms  DeleteObjects: 0.069500 ms)

========================================================================
Received Import Request.
  Time since last request: 430.708734 seconds.
  path: Assets/Scenes/collection.unity
  artifactKey: Guid(09f96110f6376a4498d4e123770f03e3) Importer(815301076,1909f56bfc062723c751e8b465ee728b)
Start importing Assets/Scenes/collection.unity using Guid(09f96110f6376a4498d4e123770f03e3) Importer(815301076,1909f56bfc062723c751e8b465ee728b)  -> (artifact id: '0d54853a8b287cdcedb1772f7d60de55') in 0.026074 seconds
  Import took 0.038203 seconds .

========================================================================
Received Import Request.
  Time since last request: 72.422630 seconds.
  path: Assets/Scenes/Material/Rules/Rules 2.png
  artifactKey: Guid(110509aa1ee0be34e81dd55f19cfa3b5) Importer(815301076,1909f56bfc062723c751e8b465ee728b)
Start importing Assets/Scenes/Material/Rules/Rules 2.png using Guid(110509aa1ee0be34e81dd55f19cfa3b5) Importer(815301076,1909f56bfc062723c751e8b465ee728b)  -> (artifact id: 'f1ca3f6e7dea5c68b9fd7c1fc6ca0aea') in 0.045755 seconds
  Import took 0.061848 seconds .

========================================================================
Received Prepare
Refreshing native plugins compatible for Editor in 9.55 ms, found 3 plugins.
Preloading 0 native plugins for Editor in 0.00 ms.
Unloading 14 Unused Serialized files (Serialized files now loaded: 0)
System memory in use before: 54.9 MB.
System memory in use after: 55.0 MB.

Unloading 14 unused Assets to reduce memory usage. Loaded Objects now: 2544.
Total: 5.679500 ms (FindLiveObjects: 0.406800 ms CreateObjectMapping: 0.262200 ms MarkObjects: 4.972800 ms  DeleteObjects: 0.035800 ms)

========================================================================
Received Import Request.
  Time since last request: 1087.534272 seconds.
  path: Assets/Scenes/Rules 2.unity
  artifactKey: Guid(279697e32b318954bbdaf2c6fbece328) Importer(815301076,1909f56bfc062723c751e8b465ee728b)
Start importing Assets/Scenes/Rules 2.unity using Guid(279697e32b318954bbdaf2c6fbece328) Importer(815301076,1909f56bfc062723c751e8b465ee728b)  -> (artifact id: 'e07947077e3012890b85c67770c187e8') in 0.016755 seconds
  Import took 0.037282 seconds .

========================================================================
Received Import Request.
  Time since last request: 5.193300 seconds.
  path: Assets/Scenes/Rules 3.unity
  artifactKey: Guid(741dd5347a356604f9074f398eb4422a) Importer(815301076,1909f56bfc062723c751e8b465ee728b)
Start importing Assets/Scenes/Rules 3.unity using Guid(741dd5347a356604f9074f398eb4422a) Importer(815301076,1909f56bfc062723c751e8b465ee728b)  -> (artifact id: '18d5d1c69465cbfcbfdd52b1a1c167ac') in 0.030394 seconds
  Import took 0.060802 seconds .

========================================================================
Received Prepare
Registering precompiled user dll's ...
Registered in 0.012502 seconds.
Begin MonoManager ReloadAssembly
Native extension for WindowsStandalone target not found
Refreshing native plugins compatible for Editor in 1.22 ms, found 3 plugins.
Preloading 0 native plugins for Editor in 0.00 ms.
Mono: successfully reloaded assembly
- Completed reload, in  7.649 seconds
Platform modules already initialized, skipping
Switching build target platform(19) subTarget(0) extendedPlatform(0) -> platform(13) subTarget(537395200) extendedPlatform(0)
Refreshing native plugins compatible for Editor in 2.05 ms, found 3 plugins.
Preloading 0 native plugins for Editor in 0.00 ms.
Unloading 2077 Unused Serialized files (Serialized files now loaded: 0)
System memory in use before: 95.5 MB.
System memory in use after: 95.7 MB.

Unloading 17 unused Assets to reduce memory usage. Loaded Objects now: 2547.
Total: 8.868800 ms (FindLiveObjects: 0.629100 ms CreateObjectMapping: 0.327100 ms MarkObjects: 7.804600 ms  DeleteObjects: 0.105000 ms)

AssetImportParameters requested are different than current active one (requested -> active):
  custom:graphics/normal-map-encoding: 01000000000000000000000000000000 -> 02000000000000000000000000000000
========================================================================
Received Prepare
Refreshing native plugins compatible for Editor in 8.41 ms, found 3 plugins.
Preloading 0 native plugins for Editor in 0.00 ms.
Unloading 14 Unused Serialized files (Serialized files now loaded: 0)
System memory in use before: 54.8 MB.
System memory in use after: 55.0 MB.

Unloading 14 unused Assets to reduce memory usage. Loaded Objects now: 2547.
Total: 4.804200 ms (FindLiveObjects: 0.538700 ms CreateObjectMapping: 0.168700 ms MarkObjects: 4.054700 ms  DeleteObjects: 0.039700 ms)

